[1] "This assignement is impossible due to leave: V, research, NA"
[1] "This assignement is impossible due to leave: V, drafting, NA"
[1] "This assignement is impossible due to leave: V, editing, NA"
[1] "This assignement is impossible due to leave: V, design, NA"
[1] "This assignement is impossible due to leave: V, print, NA"
[1] "This assignement is impossible due to leave: V, launch-events, NA"
[1] "This assignement is impossible due to leave: W, research, NA"
[1] "This assignement is impossible due to leave: W, drafting, NA"
[1] "This assignement is impossible due to leave: W, editing, NA"
[1] "This assignement is impossible due to leave: W, design, NA"
[1] "This assignement is impossible due to leave: W, print, NA"
[1] "This assignement is impossible due to leave: W, launch-events, NA"
[1] "This assignement is impossible due to leave: D, research, NA"
[1] "This assignement is impossible due to leave: D, drafting, NA"
[1] "This assignement is impossible due to leave: D, editing, NA"
[1] "This assignement is impossible due to leave: D, design, NA"
[1] "This assignement is impossible due to leave: D, print, NA"
[1] "This assignement is impossible due to leave: D, launch-events, NA"
[1] "This assignement is impossible due to leave: V, research, NA"
[1] "This assignement is impossible due to leave: V, drafting, NA"
[1] "This assignement is impossible due to leave: V, editing, NA"
[1] "This assignement is impossible due to leave: V, design, NA"
[1] "This assignement is impossible due to leave: V, print, NA"
[1] "This assignement is impossible due to leave: V, launch-events, NA"
[1] "This assignement is impossible due to leave: L, research, NA"
[1] "This assignement is impossible due to leave: L, drafting, NA"
[1] "This assignement is impossible due to leave: L, editing, NA"
[1] "This assignement is impossible due to leave: L, design, NA"
[1] "This assignement is impossible due to leave: L, print, NA"
[1] "This assignement is impossible due to leave: L, launch-events, NA"
[1] "This assignement is impossible due to leave: W, research, NA"
[1] "This assignement is impossible due to leave: W, drafting, NA"
[1] "This assignement is impossible due to leave: W, editing, NA"
[1] "This assignement is impossible due to leave: W, design, NA"
[1] "This assignement is impossible due to leave: W, print, NA"
[1] "This assignement is impossible due to leave: W, launch-events, NA"
[1] "This assignement is impossible due to leave: E, research, NA"
[1] "This assignement is impossible due to leave: E, drafting, NA"
[1] "This assignement is impossible due to leave: E, editing, NA"
[1] "This assignement is impossible due to leave: E, design, NA"
[1] "This assignement is impossible due to leave: E, print, NA"
[1] "This assignement is impossible due to leave: E, launch-events, NA"
[1] "This assignement is impossible due to leave: S, research, NA"
[1] "This assignement is impossible due to leave: S, drafting, NA"
[1] "This assignement is impossible due to leave: S, editing, NA"
[1] "This assignement is impossible due to leave: S, design, NA"
[1] "This assignement is impossible due to leave: S, print, NA"
[1] "This assignement is impossible due to leave: S, launch-events, NA"
[1] "This assignement is impossible due to leave: E, research, NA"
[1] "This assignement is impossible due to leave: E, drafting, NA"
[1] "This assignement is impossible due to leave: E, editing, NA"
[1] "This assignement is impossible due to leave: E, design, NA"
[1] "This assignement is impossible due to leave: E, print, NA"
[1] "This assignement is impossible due to leave: E, launch-events, NA"
[1] "This assignement is impossible due to leave: K, research, NA"
[1] "This assignement is impossible due to leave: K, drafting, NA"
[1] "This assignement is impossible due to leave: K, editing, NA"
[1] "This assignement is impossible due to leave: K, design, NA"
[1] "This assignement is impossible due to leave: K, print, NA"
[1] "This assignement is impossible due to leave: K, launch-events, NA"
[1] "This assignement is impossible due to leave: A, research, NA"
[1] "This assignement is impossible due to leave: A, drafting, NA"
[1] "This assignement is impossible due to leave: A, editing, NA"
[1] "This assignement is impossible due to leave: A, design, NA"
[1] "This assignement is impossible due to leave: A, print, NA"
[1] "This assignement is impossible due to leave: A, launch-events, NA"
[1] "This assignement is impossible due to leave: H, research, NA"
[1] "This assignement is impossible due to leave: H, drafting, NA"
[1] "This assignement is impossible due to leave: H, editing, NA"
[1] "This assignement is impossible due to leave: H, design, NA"
[1] "This assignement is impossible due to leave: H, print, NA"
[1] "This assignement is impossible due to leave: H, launch-events, NA"
[1] "This assignement is impossible due to leave: P, research, NA"
[1] "This assignement is impossible due to leave: P, drafting, NA"
[1] "This assignement is impossible due to leave: P, editing, NA"
[1] "This assignement is impossible due to leave: P, design, NA"
[1] "This assignement is impossible due to leave: P, print, NA"
[1] "This assignement is impossible due to leave: P, launch-events, NA"
[1] "This assignement is impossible due to leave: D, research, NA"
[1] "This assignement is impossible due to leave: D, drafting, NA"
[1] "This assignement is impossible due to leave: D, editing, NA"
[1] "This assignement is impossible due to leave: D, design, NA"
[1] "This assignement is impossible due to leave: D, print, NA"
[1] "This assignement is impossible due to leave: D, launch-events, NA"
[1] "This assignement is impossible due to leave: S, research, NA"
[1] "This assignement is impossible due to leave: S, drafting, NA"
[1] "This assignement is impossible due to leave: S, editing, NA"
[1] "This assignement is impossible due to leave: S, design, NA"
[1] "This assignement is impossible due to leave: S, print, NA"
[1] "This assignement is impossible due to leave: S, launch-events, NA"
[1] "This assignement is impossible due to leave: O, research, NA"
[1] "This assignement is impossible due to leave: O, drafting, NA"
[1] "This assignement is impossible due to leave: O, editing, NA"
[1] "This assignement is impossible due to leave: O, design, NA"
[1] "This assignement is impossible due to leave: O, print, NA"
[1] "This assignement is impossible due to leave: O, launch-events, NA"
[1] "This assignement is impossible due to leave: T, research, NA"
[1] "This assignement is impossible due to leave: T, drafting, NA"
[1] "This assignement is impossible due to leave: T, editing, NA"
[1] "This assignement is impossible due to leave: T, design, NA"
[1] "This assignement is impossible due to leave: T, print, NA"
[1] "This assignement is impossible due to leave: T, launch-events, NA"
[1] "This assignement is impossible due to leave: M, research, NA"
[1] "This assignement is impossible due to leave: M, drafting, NA"
[1] "This assignement is impossible due to leave: M, editing, NA"
[1] "This assignement is impossible due to leave: M, design, NA"
[1] "This assignement is impossible due to leave: M, print, NA"
[1] "This assignement is impossible due to leave: M, launch-events, NA"
[1] "This assignement is impossible due to leave: 1, 1, NA"
[1] "This assignement is impossible due to leave: 1, 2, NA"
[1] "This assignement is impossible due to leave: 1, 3, NA"
[1] "This assignement is impossible due to leave: 1, 4, NA"
[1] "This assignement is impossible due to leave: 1, 5, NA"
[1] "This assignement is impossible due to leave: 1, 6, NA"
[1] "This assignement is impossible due to leave: 2, 1, NA"
[1] "This assignement is impossible due to leave: 2, 2, NA"
[1] "This assignement is impossible due to leave: 2, 3, NA"
[1] "This assignement is impossible due to leave: 2, 4, NA"
[1] "This assignement is impossible due to leave: 2, 5, NA"
[1] "This assignement is impossible due to leave: 2, 6, NA"
[1] "This assignement is impossible due to leave: B, research, NA"
[1] "This assignement is impossible due to leave: B, drafting, NA"
[1] "This assignement is impossible due to leave: B, editing, NA"
[1] "This assignement is impossible due to leave: B, design, NA"
[1] "This assignement is impossible due to leave: B, print, NA"
[1] "This assignement is impossible due to leave: B, launch-events, NA"
[1] "This assignement is impossible due to leave: D, research, NA"
[1] "This assignement is impossible due to leave: D, drafting, NA"
[1] "This assignement is impossible due to leave: D, editing, NA"
[1] "This assignement is impossible due to leave: D, design, NA"
[1] "This assignement is impossible due to leave: D, print, NA"
[1] "This assignement is impossible due to leave: D, launch-events, NA"
[1] "This assignement is impossible due to leave: O, research, NA"
[1] "This assignement is impossible due to leave: O, drafting, NA"
[1] "This assignement is impossible due to leave: O, editing, NA"
[1] "This assignement is impossible due to leave: O, design, NA"
[1] "This assignement is impossible due to leave: O, print, NA"
[1] "This assignement is impossible due to leave: O, launch-events, NA"
[1] "This assignement is impossible due to leave: V, research, NA"
[1] "This assignement is impossible due to leave: V, drafting, NA"
[1] "This assignement is impossible due to leave: V, editing, NA"
[1] "This assignement is impossible due to leave: V, design, NA"
[1] "This assignement is impossible due to leave: V, print, NA"
[1] "This assignement is impossible due to leave: V, launch-events, NA"
[1] "This assignement is impossible due to leave: 1, 1, Buccieri, Ander"
[1] "This assignement is impossible due to leave: 1, 1, Tombleson, Megan"
[1] "This assignement is impossible due to leave: 1, 1, al-Mousa, Wajeeh"
[1] "This assignement is impossible due to leave: 1, 2, Buccieri, Ander"
[1] "This assignement is impossible due to leave: 1, 2, Tombleson, Megan"
[1] "This assignement is impossible due to leave: 1, 2, al-Mousa, Wajeeh"
[1] "This assignement is impossible due to leave: 1, 3, Buccieri, Ander"
[1] "This assignement is impossible due to leave: 1, 3, Tombleson, Megan"
[1] "This assignement is impossible due to leave: 1, 3, al-Mousa, Wajeeh"
[1] "This assignement is impossible due to leave: 1, 4, Buccieri, Ander"
[1] "This assignement is impossible due to leave: 1, 4, Tombleson, Megan"
[1] "This assignement is impossible due to leave: 1, 4, al-Mousa, Wajeeh"
[1] "This assignement is impossible due to leave: 1, 5, Buccieri, Ander"
[1] "This assignement is impossible due to leave: 1, 5, Tombleson, Megan"
[1] "This assignement is impossible due to leave: 1, 5, al-Mousa, Wajeeh"
[1] "This assignement is impossible due to leave: 1, 6, Buccieri, Ander"
[1] "This assignement is impossible due to leave: 1, 6, Tombleson, Megan"
[1] "This assignement is impossible due to leave: 1, 6, al-Mousa, Wajeeh"
[1] "This assignement is impossible due to leave: 2, 1, al-Mousa, Wajeeh"
[1] "This assignement is impossible due to leave: 2, 1, Buccieri, Ander"
[1] "This assignement is impossible due to leave: 2, 2, al-Mousa, Wajeeh"
[1] "This assignement is impossible due to leave: 2, 2, Buccieri, Ander"
[1] "This assignement is impossible due to leave: 2, 3, al-Mousa, Wajeeh"
[1] "This assignement is impossible due to leave: 2, 3, Buccieri, Ander"
[1] "This assignement is impossible due to leave: 2, 4, al-Mousa, Wajeeh"
[1] "This assignement is impossible due to leave: 2, 4, Buccieri, Ander"
[1] "This assignement is impossible due to leave: 2, 5, al-Mousa, Wajeeh"
[1] "This assignement is impossible due to leave: 2, 5, Buccieri, Ander"
[1] "This assignement is impossible due to leave: 2, 6, al-Mousa, Wajeeh"
[1] "This assignement is impossible due to leave: 2, 6, Buccieri, Ander"
[1] "This assignement is impossible due to leave: 3, 1, Tombleson, Megan"
[1] "This assignement is impossible due to leave: 3, 1, Rohrkaste, Taylor"
[1] "This assignement is impossible due to leave: 3, 2, Buccieri, Ander"
[1] "This assignement is impossible due to leave: 3, 2, Tombleson, Megan"
[1] "This assignement is impossible due to leave: 3, 2, Rohrkaste, Taylor"
[1] "This assignement is impossible due to leave: 3, 3, Buccieri, Ander"
[1] "This assignement is impossible due to leave: 3, 3, Tombleson, Megan"
[1] "This assignement is impossible due to leave: 3, 3, Rohrkaste, Taylor"
[1] "This assignement is impossible due to leave: 3, 4, Buccieri, Ander"
[1] "This assignement is impossible due to leave: 3, 4, Tombleson, Megan"
[1] "This assignement is impossible due to leave: 3, 4, Rohrkaste, Taylor"
[1] "This assignement is impossible due to leave: 3, 5, Buccieri, Ander"
[1] "This assignement is impossible due to leave: 3, 5, Tombleson, Megan"
[1] "This assignement is impossible due to leave: 3, 5, Rohrkaste, Taylor"
[1] "This assignement is impossible due to leave: 3, 6, Buccieri, Ander"
[1] "This assignement is impossible due to leave: 3, 6, Tombleson, Megan"
[1] "This assignement is impossible due to leave: 3, 6, Rohrkaste, Taylor"
[1] "This assignement is impossible due to leave: 4, 1, Althouse, Lance"
[1] "This assignement is impossible due to leave: 4, 1, Tombleson, Megan"
[1] "This assignement is impossible due to leave: 4, 2, Althouse, Lance"
[1] "This assignement is impossible due to leave: 4, 2, Tombleson, Megan"
[1] "This assignement is impossible due to leave: 4, 3, Althouse, Lance"
[1] "This assignement is impossible due to leave: 4, 3, Tombleson, Megan"
[1] "This assignement is impossible due to leave: 4, 4, Althouse, Lance"
[1] "This assignement is impossible due to leave: 4, 4, Tombleson, Megan"
[1] "This assignement is impossible due to leave: 4, 5, Althouse, Lance"
[1] "This assignement is impossible due to leave: 4, 5, Tombleson, Megan"
[1] "This assignement is impossible due to leave: 4, 6, Althouse, Lance"
[1] "This assignement is impossible due to leave: 4, 6, Tombleson, Megan"
[1] "This assignement is impossible due to leave: 5, 1, Buccieri, Ander"
[1] "This assignement is impossible due to leave: 5, 1, Althouse, Lance"
[1] "This assignement is impossible due to leave: 5, 1, Rohrkaste, Taylor"
[1] "This assignement is impossible due to leave: 5, 2, Buccieri, Ander"
[1] "This assignement is impossible due to leave: 5, 2, Althouse, Lance"
[1] "This assignement is impossible due to leave: 5, 2, Rohrkaste, Taylor"
[1] "This assignement is impossible due to leave: 5, 3, Buccieri, Ander"
[1] "This assignement is impossible due to leave: 5, 3, Althouse, Lance"
[1] "This assignement is impossible due to leave: 5, 3, Rohrkaste, Taylor"
[1] "This assignement is impossible due to leave: 5, 4, Buccieri, Ander"
[1] "This assignement is impossible due to leave: 5, 4, Althouse, Lance"
[1] "This assignement is impossible due to leave: 5, 4, Rohrkaste, Taylor"
[1] "This assignement is impossible due to leave: 5, 5, Buccieri, Ander"
[1] "This assignement is impossible due to leave: 5, 5, Althouse, Lance"
[1] "This assignement is impossible due to leave: 5, 5, Rohrkaste, Taylor"
[1] "This assignement is impossible due to leave: 5, 6, Buccieri, Ander"
[1] "This assignement is impossible due to leave: 5, 6, Althouse, Lance"
[1] "This assignement is impossible due to leave: 5, 6, Rohrkaste, Taylor"
[1] "This assignement is impossible due to leave: 6, 1, Buccieri, Ander"
[1] "This assignement is impossible due to leave: 6, 1, Althouse, Lance"
[1] "This assignement is impossible due to leave: 6, 1, Rohrkaste, Taylor"
[1] "This assignement is impossible due to leave: 6, 2, Buccieri, Ander"
[1] "This assignement is impossible due to leave: 6, 2, Althouse, Lance"
[1] "This assignement is impossible due to leave: 6, 2, Rohrkaste, Taylor"
[1] "This assignement is impossible due to leave: 6, 3, Buccieri, Ander"
[1] "This assignement is impossible due to leave: 6, 3, Althouse, Lance"
[1] "This assignement is impossible due to leave: 6, 3, Rohrkaste, Taylor"
[1] "This assignement is impossible due to leave: 6, 4, Buccieri, Ander"
[1] "This assignement is impossible due to leave: 6, 4, Althouse, Lance"
[1] "This assignement is impossible due to leave: 6, 4, Rohrkaste, Taylor"
[1] "This assignement is impossible due to leave: 6, 5, Buccieri, Ander"
[1] "This assignement is impossible due to leave: 6, 5, Althouse, Lance"
[1] "This assignement is impossible due to leave: 6, 5, Rohrkaste, Taylor"
[1] "This assignement is impossible due to leave: 6, 6, Buccieri, Ander"
[1] "This assignement is impossible due to leave: 6, 6, Althouse, Lance"
[1] "This assignement is impossible due to leave: 6, 6, Rohrkaste, Taylor"
[1] "This assignement is impossible due to leave: 7, 1, Rohrkaste, Taylor"
[1] "This assignement is impossible due to leave: 7, 1, Althouse, Lance"
[1] "This assignement is impossible due to leave: 7, 2, Rohrkaste, Taylor"
[1] "This assignement is impossible due to leave: 7, 2, Althouse, Lance"
[1] "This assignement is impossible due to leave: 7, 3, Rohrkaste, Taylor"
[1] "This assignement is impossible due to leave: 7, 3, Althouse, Lance"
[1] "This assignement is impossible due to leave: 7, 4, Rohrkaste, Taylor"
[1] "This assignement is impossible due to leave: 7, 4, Althouse, Lance"
[1] "This assignement is impossible due to leave: 7, 5, Rohrkaste, Taylor"
[1] "This assignement is impossible due to leave: 7, 5, Althouse, Lance"
[1] "This assignement is impossible due to leave: 7, 6, Rohrkaste, Taylor"
[1] "This assignement is impossible due to leave: 7, 6, Althouse, Lance"
[1] "This assignement is impossible due to leave: 8, 1, Tombleson, Megan"
[1] "This assignement is impossible due to leave: 8, 1, Althouse, Lance"
[1] "This assignement is impossible due to leave: 8, 1, Buccieri, Ander"
[1] "This assignement is impossible due to leave: 8, 2, Tombleson, Megan"
[1] "This assignement is impossible due to leave: 8, 2, Althouse, Lance"
[1] "This assignement is impossible due to leave: 8, 2, Buccieri, Ander"
[1] "This assignement is impossible due to leave: 8, 3, Tombleson, Megan"
[1] "This assignement is impossible due to leave: 8, 3, Althouse, Lance"
[1] "This assignement is impossible due to leave: 8, 3, Buccieri, Ander"
[1] "This assignement is impossible due to leave: 8, 4, Tombleson, Megan"
[1] "This assignement is impossible due to leave: 8, 4, Althouse, Lance"
[1] "This assignement is impossible due to leave: 8, 4, Buccieri, Ander"
[1] "This assignement is impossible due to leave: 8, 5, Tombleson, Megan"
[1] "This assignement is impossible due to leave: 8, 5, Althouse, Lance"
[1] "This assignement is impossible due to leave: 8, 5, Buccieri, Ander"
[1] "This assignement is impossible due to leave: 8, 6, Tombleson, Megan"
[1] "This assignement is impossible due to leave: 8, 6, Althouse, Lance"
[1] "This assignement is impossible due to leave: 8, 6, Buccieri, Ander"
[1] "This assignement is impossible due to leave: 9, 1, Althouse, Lance"
[1] "This assignement is impossible due to leave: 9, 1, Buccieri, Ander"
[1] "This assignement is impossible due to leave: 9, 2, Althouse, Lance"
[1] "This assignement is impossible due to leave: 9, 2, Buccieri, Ander"
[1] "This assignement is impossible due to leave: 9, 3, Althouse, Lance"
[1] "This assignement is impossible due to leave: 9, 3, Buccieri, Ander"
[1] "This assignement is impossible due to leave: 9, 4, Althouse, Lance"
[1] "This assignement is impossible due to leave: 9, 4, Buccieri, Ander"
[1] "This assignement is impossible due to leave: 9, 5, Althouse, Lance"
[1] "This assignement is impossible due to leave: 9, 5, Buccieri, Ander"
[1] "This assignement is impossible due to leave: 9, 6, Althouse, Lance"
[1] "This assignement is impossible due to leave: 9, 6, Buccieri, Ander"
[1] "This assignement is impossible due to leave: 10, 1, al-Mousa, Wajeeh"
[1] "This assignement is impossible due to leave: 10, 1, Tombleson, Megan"
[1] "This assignement is impossible due to leave: 10, 2, al-Mousa, Wajeeh"
[1] "This assignement is impossible due to leave: 10, 2, Tombleson, Megan"
[1] "This assignement is impossible due to leave: 10, 3, al-Mousa, Wajeeh"
[1] "This assignement is impossible due to leave: 10, 3, Tombleson, Megan"
[1] "This assignement is impossible due to leave: 10, 4, al-Mousa, Wajeeh"
[1] "This assignement is impossible due to leave: 10, 4, Tombleson, Megan"
[1] "This assignement is impossible due to leave: 10, 5, al-Mousa, Wajeeh"
[1] "This assignement is impossible due to leave: 10, 5, Tombleson, Megan"
[1] "This assignement is impossible due to leave: 10, 6, al-Mousa, Wajeeh"
[1] "This assignement is impossible due to leave: 10, 6, Tombleson, Megan"
